<?xml version="1.0" encoding="UTF-8"?>
<!-- Generated by org.testng.reporters.JUnitXMLReporter -->
<testsuite ignored="0" hostname="ANAND" failures="0" tests="2" name="adding_multiple_productTest" time="18.651" errors="0" timestamp="2025-03-25T09:47:31 IST">
  <testcase classname="DemoBlazeTestcases.Add_multiple_productsTC" name="Adding_1stproduct_TC" time="6.595"/>
  <testcase classname="DemoBlazeTestcases.Add_multiple_productsTC" name="Adding_2nd_productTc" time="6.436"/>
</testsuite> <!-- adding_multiple_productTest -->
