<?xml version="1.0" encoding="UTF-8"?>
<!-- Generated by org.testng.reporters.JUnitXMLReporter -->
<testsuite ignored="0" hostname="ANAND" failures="0" tests="3" name="checkout_productTest" time="18.813" errors="0" timestamp="2025-03-25T09:47:50 IST">
  <testcase classname="DemoBlazeTestcases.Checkout_productTC" name="Adding_product_to_cart" time="5.427"/>
  <testcase classname="DemoBlazeTestcases.Checkout_productTC" name="Checkout_product_with_invalid" time="2.324"/>
  <testcase classname="DemoBlazeTestcases.Checkout_productTC" name="Checkout_product_with_valid" time="5.574"/>
</testsuite> <!-- checkout_productTest -->
