<?xml version="1.0" encoding="UTF-8"?>
<!-- Generated by org.testng.reporters.JUnitXMLReporter -->
<testsuite ignored="0" hostname="ANAND" failures="0" tests="3" name="checkout_productTest" time="31.684" errors="0" timestamp="2025-03-24T15:25:27 IST">
  <testcase classname="DemoBlazeTestcases.Checkout_productTC" name="Adding_product_to_cart" time="6.288"/>
  <testcase classname="DemoBlazeTestcases.Checkout_productTC" name="Checkout_product_with_invalid" time="3.221"/>
  <testcase classname="DemoBlazeTestcases.Checkout_productTC" name="Checkout_product_with_valid" time="5.61"/>
</testsuite> <!-- checkout_productTest -->
