<?xml version="1.0" encoding="UTF-8"?>
<testng-results ignored="0" total="2" passed="2" failed="0" skipped="0">
  <reporter-output>
  </reporter-output>
  <suite started-at="2025-03-23T16:16:34 IST" name="DemoBlaze suite" finished-at="2025-03-23T16:16:49 IST" duration-ms="15259">
    <groups>
    </groups>
    <test started-at="2025-03-23T16:16:34 IST" name="adding_multiple_productTest" finished-at="2025-03-23T16:16:49 IST" duration-ms="15259">
      <class name="DemoBlazeTestcases.Add_multiple_productsTC">
        <test-method is-config="true" signature="readdata_openbrowser(java.lang.String)[pri:0, instance:DemoBlazeTestcases.Add_multiple_productsTC@3c407114]" started-at="2025-03-23T16:16:34 IST" name="readdata_openbrowser" finished-at="2025-03-23T16:16:38 IST" duration-ms="4262" status="PASS">
          <params>
            <param index="0">
              <value>
                <![CDATA[chrome]]>
              </value>
            </param>
          </params>
          <reporter-output>
          </reporter-output>
        </test-method> <!-- readdata_openbrowser -->
        <test-method signature="Adding_1stproduct_TC()[pri:0, instance:DemoBlazeTestcases.Add_multiple_productsTC@3c407114]" started-at="2025-03-23T16:16:38 IST" name="Adding_1stproduct_TC" finished-at="2025-03-23T16:16:42 IST" duration-ms="4304" status="PASS">
          <reporter-output>
          </reporter-output>
        </test-method> <!-- Adding_1stproduct_TC -->
        <test-method signature="Adding_2nd_productTc()[pri:1, instance:DemoBlazeTestcases.Add_multiple_productsTC@3c407114]" started-at="2025-03-23T16:16:42 IST" name="Adding_2nd_productTc" finished-at="2025-03-23T16:16:45 IST" duration-ms="2995" status="PASS">
          <reporter-output>
          </reporter-output>
        </test-method> <!-- Adding_2nd_productTc -->
        <test-method is-config="true" signature="close_browser()[pri:0, instance:DemoBlazeTestcases.Add_multiple_productsTC@3c407114]" started-at="2025-03-23T16:16:45 IST" name="close_browser" finished-at="2025-03-23T16:16:49 IST" duration-ms="3642" status="PASS">
          <reporter-output>
          </reporter-output>
        </test-method> <!-- close_browser -->
      </class> <!-- DemoBlazeTestcases.Add_multiple_productsTC -->
    </test> <!-- adding_multiple_productTest -->
  </suite> <!-- DemoBlaze suite -->
</testng-results>
